\BOOKMARK [1][-]{section*.1}{\376\377\000A\000b\000s\000t\000r\000a\000c\000t}{}% 1
\BOOKMARK [1][-]{section.1}{\376\377\0001\000\040\000I\000n\000t\000r\000o\000d\000u\000c\000t\000i\000o\000n}{}% 2
\BOOKMARK [1][-]{section.2}{\376\377\0002\000\040\000M\000o\000t\000i\000v\000a\000t\000i\000o\000n}{}% 3
\BOOKMARK [1][-]{section.3}{\376\377\0003\000\040\000A\000r\000c\000h\000i\000t\000e\000c\000t\000u\000r\000e}{}% 4
\BOOKMARK [1][-]{section.4}{\376\377\0004\000\040\000S\000T\000R\000E\000A\000M\000\040\000A\000N\000D\000\040\000T\000A\000B\000L\000E\000\040\000S\000T\000O\000R\000A\000G\000E\000\040\000O\000B\000J\000E\000C\000T}{}% 5
\BOOKMARK [2][-]{subsection.4.1}{\376\377\0004\000.\0001\000\040\000S\000t\000r\000e\000a\000m\000\040\000O\000b\000j\000e\000c\000t}{section.4}% 6
\BOOKMARK [2][-]{subsection.4.2}{\376\377\0004\000.\0002\000\040\000T\000a\000b\000l\000e\000\040\000O\000b\000j\000e\000c\000t}{section.4}% 7
\BOOKMARK [1][-]{section.5}{\376\377\0005\000\040\000S\000t\000r\000e\000a\000m\000l\000a\000k\000e\000\040\000D\000a\000t\000a\000\040\000P\000r\000o\000c\000e\000s\000s\000i\000n\000g}{}% 8
\BOOKMARK [2][-]{subsection.5.1}{\376\377\0005\000.\0001\000\040\000M\000e\000s\000s\000a\000g\000e\000\040\000S\000t\000r\000e\000a\000m\000i\000n\000g}{section.5}% 9
\BOOKMARK [2][-]{subsection.5.2}{\376\377\0005\000.\0002\000\040\000L\000a\000k\000e\000h\000o\000u\000s\000e\000\040\000R\000e\000a\000d\000\040\000a\000n\000d\000\040\000W\000r\000i\000t\000e}{section.5}% 10
\BOOKMARK [2][-]{subsection.5.3}{\376\377\0005\000.\0003\000\040\000Q\000u\000e\000r\000y\000\040\000O\000p\000e\000r\000a\000t\000o\000r\000\040\000C\000o\000m\000p\000u\000t\000a\000t\000i\000o\000n\000\040\000P\000u\000s\000h\000\040\000D\000o\000w\000n}{section.5}% 11
\BOOKMARK [1][-]{section.6}{\376\377\0006\000\040\000L\000a\000k\000e\000b\000r\000a\000i\000n\000\040\000o\000p\000t\000i\000m\000i\000z\000a\000t\000i\000o\000n}{}% 12
\BOOKMARK [2][-]{subsection.6.1}{\376\377\0006\000.\0001\000\040\000A\000u\000t\000o\000m\000a\000t\000i\000c\000\040\000C\000o\000m\000p\000a\000c\000t\000i\000o\000n}{section.6}% 13
\BOOKMARK [2][-]{subsection.6.2}{\376\377\0006\000.\0002\000\040\000P\000r\000e\000d\000i\000c\000a\000t\000e\000-\000a\000w\000a\000r\000e\000\040\000F\000i\000n\000e\000-\000g\000r\000a\000i\000n\000e\000d\000\040\000P\000a\000r\000t\000i\000t\000i\000o\000n\000i\000n\000g}{section.6}% 14
\BOOKMARK [1][-]{section.7}{\376\377\0007\000\040\000E\000x\000p\000e\000r\000i\000m\000e\000n\000t}{}% 15
\BOOKMARK [2][-]{subsection.7.1}{\376\377\0007\000.\0001\000\040\000E\000x\000p\000e\000r\000i\000m\000e\000n\000t\000a\000l\000\040\000S\000e\000t\000t\000i\000n\000g\000s}{section.7}% 16
\BOOKMARK [2][-]{subsection.7.2}{\376\377\0007\000.\0002\000\040\000O\000v\000e\000r\000a\000l\000l\000\040\000C\000o\000m\000p\000a\000r\000i\000s\000o\000n}{section.7}% 17
\BOOKMARK [2][-]{subsection.7.3}{\376\377\0007\000.\0003\000\040\000E\000v\000a\000l\000u\000a\000t\000i\000o\000n\000\040\000o\000f\000\040\000M\000e\000s\000s\000a\000g\000e\000\040\000S\000t\000r\000e\000a\000m\000i\000n\000g}{section.7}% 18
\BOOKMARK [2][-]{subsection.7.4}{\376\377\0007\000.\0004\000\040\000E\000v\000a\000l\000u\000a\000t\000i\000o\000n\000\040\000o\000f\000\040\000L\000a\000k\000e\000B\000r\000a\000i\000n}{section.7}% 19
\BOOKMARK [2][-]{subsection.7.5}{\376\377\0007\000.\0005\000\040\000E\000v\000a\000l\000u\000a\000t\000i\000o\000n\000\040\000o\000f\000\040\000Q\000u\000e\000r\000y\000\040\000P\000u\000s\000h\000d\000o\000w\000n}{section.7}% 20
\BOOKMARK [2][-]{subsection.7.6}{\376\377\0007\000.\0006\000\040\000C\000h\000i\000n\000a\000\040\000M\000o\000b\000i\000l\000e\000\040\000U\000s\000e\000\040\000C\000a\000s\000e}{section.7}% 21
\BOOKMARK [1][-]{section.8}{\376\377\0008\000\040\000R\000e\000l\000a\000t\000e\000d\000\040\000W\000o\000r\000k}{}% 22
\BOOKMARK [1][-]{section.9}{\376\377\0009\000\040\000C\000o\000n\000c\000l\000u\000s\000i\000o\000n}{}% 23
\BOOKMARK [1][-]{section*.18}{\376\377\000R\000e\000f\000e\000r\000e\000n\000c\000e\000s}{}% 24
